Determining if the pthread_create exist failed with the following output:
Change Dir: /home/eld/algolab/week3/hit/CMakeFiles/CMakeTmp

Run Build Command:"/bin/make" "cmTC_e77a4/fast"
/bin/make -f CMakeFiles/cmTC_e77a4.dir/build.make CMakeFiles/cmTC_e77a4.dir/build
make[1]: Entering directory '/home/eld/algolab/week3/hit/CMakeFiles/CMakeTmp'
Building C object CMakeFiles/cmTC_e77a4.dir/CheckSymbolExists.c.o
/bin/cc    -o CMakeFiles/cmTC_e77a4.dir/CheckSymbolExists.c.o   -c /home/eld/algolab/week3/hit/CMakeFiles/CMakeTmp/CheckSymbolExists.c
Linking C executable cmTC_e77a4
/usr/bin/cmake -E cmake_link_script CMakeFiles/cmTC_e77a4.dir/link.txt --verbose=1
/bin/cc      -rdynamic CMakeFiles/cmTC_e77a4.dir/CheckSymbolExists.c.o  -o cmTC_e77a4 
/bin/ld: CMakeFiles/cmTC_e77a4.dir/CheckSymbolExists.c.o: in function `main':
CheckSymbolExists.c:(.text+0x1b): undefined reference to `pthread_create'
collect2: error: ld returned 1 exit status
make[1]: *** [CMakeFiles/cmTC_e77a4.dir/build.make:87: cmTC_e77a4] Error 1
make[1]: Leaving directory '/home/eld/algolab/week3/hit/CMakeFiles/CMakeTmp'
make: *** [Makefile:121: cmTC_e77a4/fast] Error 2

File /home/eld/algolab/week3/hit/CMakeFiles/CMakeTmp/CheckSymbolExists.c:
/* */
#include <pthread.h>

int main(int argc, char** argv)
{
  (void)argv;
#ifndef pthread_create
  return ((int*)(&pthread_create))[argc];
#else
  (void)argc;
  return 0;
#endif
}

Determining if the function pthread_create exists in the pthreads failed with the following output:
Change Dir: /home/eld/algolab/week3/hit/CMakeFiles/CMakeTmp

Run Build Command:"/bin/make" "cmTC_b5fbd/fast"
/bin/make -f CMakeFiles/cmTC_b5fbd.dir/build.make CMakeFiles/cmTC_b5fbd.dir/build
make[1]: Entering directory '/home/eld/algolab/week3/hit/CMakeFiles/CMakeTmp'
Building C object CMakeFiles/cmTC_b5fbd.dir/CheckFunctionExists.c.o
/bin/cc   -DCHECK_FUNCTION_EXISTS=pthread_create   -o CMakeFiles/cmTC_b5fbd.dir/CheckFunctionExists.c.o   -c /usr/share/cmake-3.12/Modules/CheckFunctionExists.c
Linking C executable cmTC_b5fbd
/usr/bin/cmake -E cmake_link_script CMakeFiles/cmTC_b5fbd.dir/link.txt --verbose=1
/bin/cc  -DCHECK_FUNCTION_EXISTS=pthread_create    -rdynamic CMakeFiles/cmTC_b5fbd.dir/CheckFunctionExists.c.o  -o cmTC_b5fbd -lpthreads 
/bin/ld: cannot find -lpthreads
collect2: error: ld returned 1 exit status
make[1]: *** [CMakeFiles/cmTC_b5fbd.dir/build.make:87: cmTC_b5fbd] Error 1
make[1]: Leaving directory '/home/eld/algolab/week3/hit/CMakeFiles/CMakeTmp'
make: *** [Makefile:121: cmTC_b5fbd/fast] Error 2


