Determining if the pthread_create exist failed with the following output:
Change Dir: /home/eld/algolab/week4/pow_hiking_maps/CMakeFiles/CMakeTmp

Run Build Command:"/bin/make" "cmTC_23660/fast"
/bin/make -f CMakeFiles/cmTC_23660.dir/build.make CMakeFiles/cmTC_23660.dir/build
make[1]: Entering directory '/home/eld/algolab/week4/pow_hiking_maps/CMakeFiles/CMakeTmp'
Building C object CMakeFiles/cmTC_23660.dir/CheckSymbolExists.c.o
/bin/cc    -o CMakeFiles/cmTC_23660.dir/CheckSymbolExists.c.o   -c /home/eld/algolab/week4/pow_hiking_maps/CMakeFiles/CMakeTmp/CheckSymbolExists.c
Linking C executable cmTC_23660
/usr/bin/cmake -E cmake_link_script CMakeFiles/cmTC_23660.dir/link.txt --verbose=1
/bin/cc      -rdynamic CMakeFiles/cmTC_23660.dir/CheckSymbolExists.c.o  -o cmTC_23660 
/bin/ld: CMakeFiles/cmTC_23660.dir/CheckSymbolExists.c.o: in function `main':
CheckSymbolExists.c:(.text+0x1b): undefined reference to `pthread_create'
collect2: error: ld returned 1 exit status
make[1]: *** [CMakeFiles/cmTC_23660.dir/build.make:87: cmTC_23660] Error 1
make[1]: Leaving directory '/home/eld/algolab/week4/pow_hiking_maps/CMakeFiles/CMakeTmp'
make: *** [Makefile:121: cmTC_23660/fast] Error 2

File /home/eld/algolab/week4/pow_hiking_maps/CMakeFiles/CMakeTmp/CheckSymbolExists.c:
/* */
#include <pthread.h>

int main(int argc, char** argv)
{
  (void)argv;
#ifndef pthread_create
  return ((int*)(&pthread_create))[argc];
#else
  (void)argc;
  return 0;
#endif
}

Determining if the function pthread_create exists in the pthreads failed with the following output:
Change Dir: /home/eld/algolab/week4/pow_hiking_maps/CMakeFiles/CMakeTmp

Run Build Command:"/bin/make" "cmTC_ed16b/fast"
/bin/make -f CMakeFiles/cmTC_ed16b.dir/build.make CMakeFiles/cmTC_ed16b.dir/build
make[1]: Entering directory '/home/eld/algolab/week4/pow_hiking_maps/CMakeFiles/CMakeTmp'
Building C object CMakeFiles/cmTC_ed16b.dir/CheckFunctionExists.c.o
/bin/cc   -DCHECK_FUNCTION_EXISTS=pthread_create   -o CMakeFiles/cmTC_ed16b.dir/CheckFunctionExists.c.o   -c /usr/share/cmake-3.12/Modules/CheckFunctionExists.c
Linking C executable cmTC_ed16b
/usr/bin/cmake -E cmake_link_script CMakeFiles/cmTC_ed16b.dir/link.txt --verbose=1
/bin/cc  -DCHECK_FUNCTION_EXISTS=pthread_create    -rdynamic CMakeFiles/cmTC_ed16b.dir/CheckFunctionExists.c.o  -o cmTC_ed16b -lpthreads 
/bin/ld: cannot find -lpthreads
collect2: error: ld returned 1 exit status
make[1]: *** [CMakeFiles/cmTC_ed16b.dir/build.make:87: cmTC_ed16b] Error 1
make[1]: Leaving directory '/home/eld/algolab/week4/pow_hiking_maps/CMakeFiles/CMakeTmp'
make: *** [Makefile:121: cmTC_ed16b/fast] Error 2


