Determining if the pthread_create exist failed with the following output:
Change Dir: /home/eld/algolab/week3/firsthit/CMakeFiles/CMakeTmp

Run Build Command:"/bin/make" "cmTC_cb51c/fast"
/bin/make -f CMakeFiles/cmTC_cb51c.dir/build.make CMakeFiles/cmTC_cb51c.dir/build
make[1]: Entering directory '/home/eld/algolab/week3/firsthit/CMakeFiles/CMakeTmp'
Building C object CMakeFiles/cmTC_cb51c.dir/CheckSymbolExists.c.o
/bin/cc    -o CMakeFiles/cmTC_cb51c.dir/CheckSymbolExists.c.o   -c /home/eld/algolab/week3/firsthit/CMakeFiles/CMakeTmp/CheckSymbolExists.c
Linking C executable cmTC_cb51c
/usr/bin/cmake -E cmake_link_script CMakeFiles/cmTC_cb51c.dir/link.txt --verbose=1
/bin/cc      -rdynamic CMakeFiles/cmTC_cb51c.dir/CheckSymbolExists.c.o  -o cmTC_cb51c 
/bin/ld: CMakeFiles/cmTC_cb51c.dir/CheckSymbolExists.c.o: in function `main':
CheckSymbolExists.c:(.text+0x1b): undefined reference to `pthread_create'
collect2: error: ld returned 1 exit status
make[1]: *** [CMakeFiles/cmTC_cb51c.dir/build.make:87: cmTC_cb51c] Error 1
make[1]: Leaving directory '/home/eld/algolab/week3/firsthit/CMakeFiles/CMakeTmp'
make: *** [Makefile:121: cmTC_cb51c/fast] Error 2

File /home/eld/algolab/week3/firsthit/CMakeFiles/CMakeTmp/CheckSymbolExists.c:
/* */
#include <pthread.h>

int main(int argc, char** argv)
{
  (void)argv;
#ifndef pthread_create
  return ((int*)(&pthread_create))[argc];
#else
  (void)argc;
  return 0;
#endif
}

Determining if the function pthread_create exists in the pthreads failed with the following output:
Change Dir: /home/eld/algolab/week3/firsthit/CMakeFiles/CMakeTmp

Run Build Command:"/bin/make" "cmTC_3c7ae/fast"
/bin/make -f CMakeFiles/cmTC_3c7ae.dir/build.make CMakeFiles/cmTC_3c7ae.dir/build
make[1]: Entering directory '/home/eld/algolab/week3/firsthit/CMakeFiles/CMakeTmp'
Building C object CMakeFiles/cmTC_3c7ae.dir/CheckFunctionExists.c.o
/bin/cc   -DCHECK_FUNCTION_EXISTS=pthread_create   -o CMakeFiles/cmTC_3c7ae.dir/CheckFunctionExists.c.o   -c /usr/share/cmake-3.12/Modules/CheckFunctionExists.c
Linking C executable cmTC_3c7ae
/usr/bin/cmake -E cmake_link_script CMakeFiles/cmTC_3c7ae.dir/link.txt --verbose=1
/bin/cc  -DCHECK_FUNCTION_EXISTS=pthread_create    -rdynamic CMakeFiles/cmTC_3c7ae.dir/CheckFunctionExists.c.o  -o cmTC_3c7ae -lpthreads 
/bin/ld: cannot find -lpthreads
collect2: error: ld returned 1 exit status
make[1]: *** [CMakeFiles/cmTC_3c7ae.dir/build.make:87: cmTC_3c7ae] Error 1
make[1]: Leaving directory '/home/eld/algolab/week3/firsthit/CMakeFiles/CMakeTmp'
make: *** [Makefile:121: cmTC_3c7ae/fast] Error 2


