Determining if the pthread_create exist failed with the following output:
Change Dir: /home/eld/algolab/week3/firsthit/buggy/CMakeFiles/CMakeTmp

Run Build Command:"/bin/make" "cmTC_59700/fast"
/bin/make -f CMakeFiles/cmTC_59700.dir/build.make CMakeFiles/cmTC_59700.dir/build
make[1]: Entering directory '/home/eld/algolab/week3/firsthit/buggy/CMakeFiles/CMakeTmp'
Building C object CMakeFiles/cmTC_59700.dir/CheckSymbolExists.c.o
/bin/cc    -o CMakeFiles/cmTC_59700.dir/CheckSymbolExists.c.o   -c /home/eld/algolab/week3/firsthit/buggy/CMakeFiles/CMakeTmp/CheckSymbolExists.c
Linking C executable cmTC_59700
/usr/bin/cmake -E cmake_link_script CMakeFiles/cmTC_59700.dir/link.txt --verbose=1
/bin/cc      -rdynamic CMakeFiles/cmTC_59700.dir/CheckSymbolExists.c.o  -o cmTC_59700 
/bin/ld: CMakeFiles/cmTC_59700.dir/CheckSymbolExists.c.o: in function `main':
CheckSymbolExists.c:(.text+0x1b): undefined reference to `pthread_create'
collect2: error: ld returned 1 exit status
make[1]: *** [CMakeFiles/cmTC_59700.dir/build.make:87: cmTC_59700] Error 1
make[1]: Leaving directory '/home/eld/algolab/week3/firsthit/buggy/CMakeFiles/CMakeTmp'
make: *** [Makefile:121: cmTC_59700/fast] Error 2

File /home/eld/algolab/week3/firsthit/buggy/CMakeFiles/CMakeTmp/CheckSymbolExists.c:
/* */
#include <pthread.h>

int main(int argc, char** argv)
{
  (void)argv;
#ifndef pthread_create
  return ((int*)(&pthread_create))[argc];
#else
  (void)argc;
  return 0;
#endif
}

Determining if the function pthread_create exists in the pthreads failed with the following output:
Change Dir: /home/eld/algolab/week3/firsthit/buggy/CMakeFiles/CMakeTmp

Run Build Command:"/bin/make" "cmTC_89211/fast"
/bin/make -f CMakeFiles/cmTC_89211.dir/build.make CMakeFiles/cmTC_89211.dir/build
make[1]: Entering directory '/home/eld/algolab/week3/firsthit/buggy/CMakeFiles/CMakeTmp'
Building C object CMakeFiles/cmTC_89211.dir/CheckFunctionExists.c.o
/bin/cc   -DCHECK_FUNCTION_EXISTS=pthread_create   -o CMakeFiles/cmTC_89211.dir/CheckFunctionExists.c.o   -c /usr/share/cmake-3.12/Modules/CheckFunctionExists.c
Linking C executable cmTC_89211
/usr/bin/cmake -E cmake_link_script CMakeFiles/cmTC_89211.dir/link.txt --verbose=1
/bin/cc  -DCHECK_FUNCTION_EXISTS=pthread_create    -rdynamic CMakeFiles/cmTC_89211.dir/CheckFunctionExists.c.o  -o cmTC_89211 -lpthreads 
/bin/ld: cannot find -lpthreads
collect2: error: ld returned 1 exit status
make[1]: *** [CMakeFiles/cmTC_89211.dir/build.make:87: cmTC_89211] Error 1
make[1]: Leaving directory '/home/eld/algolab/week3/firsthit/buggy/CMakeFiles/CMakeTmp'
make: *** [Makefile:121: cmTC_89211/fast] Error 2


